<?xml version="1.0" encoding="UTF-8"?>
<!-- Generated by org.testng.reporters.JUnitReportReporter -->
<testsuite hostname="LAPTOP-F39TO3IQ" failures="0" tests="2" name="com.nitaraweb.AccountManagement.SignIn_ValidCredentials" time="3.225" errors="0" timestamp="2022-06-10T15:27:58 IST" skipped="0">
  <testcase classname="com.nitaraweb.AccountManagement.SignIn_ValidCredentials" name="signIn_ValidCredentials" time="2.667"/>
  <system-out/>
  <testcase classname="com.nitaraweb.AccountManagement.SignIn_ValidCredentials" name="signIn_ValidCredentials" time="0.558"/>
  <system-out/>
</testsuite> <!-- com.nitaraweb.AccountManagement.SignIn_ValidCredentials -->
