<?xml version="1.0" encoding="UTF-8"?>
<!-- Generated by org.testng.reporters.JUnitReportReporter -->
<testsuite hostname="Atish" failures="0" tests="1" name="com.nitaraweb.API.ViewFarmAnalysis" time="26.994" errors="0" timestamp="2022-06-13T22:30:53 IST" skipped="0">
  <testcase classname="com.nitaraweb.API.ViewFarmAnalysis" name="viewFarmAnalysis" time="26.994"/>
  <system-out/>
</testsuite> <!-- com.nitaraweb.API.ViewFarmAnalysis -->
