<?xml version="1.0" encoding="UTF-8"?>
<!-- Generated by org.testng.reporters.JUnitReportReporter -->
<testsuite hostname="Atish" failures="0" tests="3" name="com.nitaraweb.AccountManagement.ValidFarmData" time="0.801" errors="0" timestamp="2022-06-16T19:17:58 IST" skipped="0">
  <testcase classname="com.nitaraweb.AccountManagement.ValidFarmData" name="Validate_Cow_CattleBreakdownData" time="0.229"/>
  <system-out/>
  <testcase classname="com.nitaraweb.AccountManagement.ValidFarmData" name="Validate_All_CattleBreakdownData" time="0.334"/>
  <system-out/>
  <testcase classname="com.nitaraweb.AccountManagement.ValidFarmData" name="Validate_Buffalo_CattleBreakdownData" time="0.238"/>
  <system-out/>
</testsuite> <!-- com.nitaraweb.AccountManagement.ValidFarmData -->
