<?xml version="1.0" encoding="UTF-8"?>
<!-- Generated by org.testng.reporters.JUnitReportReporter -->
<testsuite hostname="LAPTOP-F39TO3IQ" failures="0" tests="3" name="com.nitaraweb.AccountManagement.ValidUpcomingData" time="42.492" errors="0" timestamp="2022-06-22T12:41:40 IST" skipped="0">
  <testcase classname="com.nitaraweb.AccountManagement.ValidUpcomingData" name="validUpcomingData_all" time="22.210"/>
  <system-out/>
  <testcase classname="com.nitaraweb.AccountManagement.ValidUpcomingData" name="validUpcomingData_cow" time="10.396"/>
  <system-out/>
  <testcase classname="com.nitaraweb.AccountManagement.ValidUpcomingData" name="validUpcomingData_bull" time="9.886"/>
  <system-out/>
</testsuite> <!-- com.nitaraweb.AccountManagement.ValidUpcomingData -->
