<?xml version="1.0" encoding="UTF-8"?>
<!-- Generated by org.testng.reporters.JUnitReportReporter -->
<testsuite hostname="Atish" failures="0" tests="3" name="com.nitaraweb.AccountManagement.SignIn_ValidCredentials" time="5.455" errors="0" timestamp="2022-06-14T10:40:40 IST" skipped="0">
  <testcase classname="com.nitaraweb.AccountManagement.SignIn_ValidCredentials" name="signIn_ValidCredentials" time="2.025"/>
  <system-out/>
  <testcase classname="com.nitaraweb.AccountManagement.SignIn_ValidCredentials" name="signIn_ValidCredentials" time="0.908"/>
  <system-out/>
  <testcase classname="com.nitaraweb.AccountManagement.SignIn_ValidCredentials" name="signIn_ValidCredentials" time="2.522"/>
  <system-out/>
</testsuite> <!-- com.nitaraweb.AccountManagement.SignIn_ValidCredentials -->
