<?xml version="1.0" encoding="UTF-8"?>
<!-- Generated by org.testng.reporters.JUnitReportReporter -->
<testsuite hostname="LAPTOP-F39TO3IQ" failures="0" tests="1" name="com.nitaraweb.AccountManagement.ValidUpcomingData" time="15.397" errors="0" timestamp="2022-06-22T10:37:53 IST" skipped="0">
  <testcase classname="com.nitaraweb.AccountManagement.ValidUpcomingData" name="validUpcomingData_all" time="15.397"/>
  <system-out/>
</testsuite> <!-- com.nitaraweb.AccountManagement.ValidUpcomingData -->
