<?xml version="1.0" encoding="UTF-8"?>
<!-- Generated by org.testng.reporters.JUnitReportReporter -->
<testsuite hostname="LAPTOP-F39TO3IQ" failures="0" tests="4" name="com.nitaraweb.AccountManagement.Testcase1" time="41.278" errors="0" timestamp="2022-06-22T05:28:39 IST" skipped="0">
  <testcase classname="com.nitaraweb.AccountManagement.Testcase1" name="validateCattleCount" time="15.254"/>
  <system-out/>
  <testcase classname="com.nitaraweb.AccountManagement.Testcase1" name="validateCowCount" time="8.805"/>
  <system-out/>
  <testcase classname="com.nitaraweb.AccountManagement.Testcase1" name="validateBullCount" time="8.863"/>
  <system-out/>
  <testcase classname="com.nitaraweb.AccountManagement.Testcase1" name="validateFarmBreedingStatus" time="8.356"/>
  <system-out/>
</testsuite> <!-- com.nitaraweb.AccountManagement.Testcase1 -->
