<?xml version="1.0" encoding="UTF-8"?>
<!-- Generated by org.testng.reporters.JUnitReportReporter -->
<testsuite hostname="DESKTOP-OB1OE1J" failures="0" tests="1" name="com.nitaraweb.API.ViewFarmAnalysis" time="5.218" errors="0" timestamp="2022-06-10T01:17:35 IST" skipped="0">
  <testcase classname="com.nitaraweb.API.ViewFarmAnalysis" name="viewFarmAnalysis" time="5.218"/>
  <system-out/>
</testsuite> <!-- com.nitaraweb.API.ViewFarmAnalysis -->
