<?xml version="1.0" encoding="UTF-8"?>
<!-- Generated by org.testng.reporters.JUnitReportReporter -->
<testsuite hostname="Atish" failures="0" tests="3" name="com.nitaraweb.AccountManagement.ValidFarmData" time="1.645" errors="0" timestamp="2022-06-18T09:26:23 IST" skipped="0">
  <testcase classname="com.nitaraweb.AccountManagement.ValidFarmData" name="Validate_All_CattleBreakdownData" time="0.687"/>
  <system-out/>
  <testcase classname="com.nitaraweb.AccountManagement.ValidFarmData" name="Validate_Buffalo_CattleBreakdownData" time="0.489"/>
  <system-out/>
  <testcase classname="com.nitaraweb.AccountManagement.ValidFarmData" name="Validate_Cow_CattleBreakdownData" time="0.469"/>
  <system-out/>
</testsuite> <!-- com.nitaraweb.AccountManagement.ValidFarmData -->
