<?xml version="1.0" encoding="UTF-8"?>
<!-- Generated by org.testng.reporters.JUnitReportReporter -->
<testsuite hostname="DESKTOP-OB1OE1J" failures="0" tests="1" name="com.nitaraweb.AccountManagement.Login" time="2.303" errors="0" timestamp="2022-06-07T23:14:48 IST" skipped="0">
  <testcase classname="com.nitaraweb.AccountManagement.Login" name="login" time="2.303"/>
  <system-out/>
</testsuite> <!-- com.nitaraweb.AccountManagement.Login -->
