<?xml version="1.0" encoding="UTF-8"?>
<!-- Generated by org.testng.reporters.JUnitReportReporter -->
<testsuite hostname="DESKTOP-OB1OE1J" failures="0" tests="2" name="com.nitaraweb.AccountManagement.SignIn_ValidCredentials" time="4.901" errors="0" timestamp="2022-06-08T16:06:58 IST" skipped="0">
  <testcase classname="com.nitaraweb.AccountManagement.SignIn_ValidCredentials" name="signIn_ValidCredentials" time="2.414"/>
  <system-out/>
  <testcase classname="com.nitaraweb.AccountManagement.SignIn_ValidCredentials" name="signIn_ValidCredentials" time="2.487"/>
  <system-out/>
</testsuite> <!-- com.nitaraweb.AccountManagement.SignIn_ValidCredentials -->
