<?xml version="1.0" encoding="UTF-8"?>
<!-- Generated by org.testng.reporters.JUnitReportReporter -->
<testsuite hostname="DESKTOP-OB1OE1J" failures="0" tests="1" name="com.nitaraweb.AccountManagement.SignIn" time="2.097" errors="0" timestamp="2022-06-07T23:28:30 IST" skipped="0">
  <testcase classname="com.nitaraweb.AccountManagement.SignIn" name="signIn" time="2.097"/>
  <system-out/>
</testsuite> <!-- com.nitaraweb.AccountManagement.SignIn -->
